<?xml version="1.0" encoding="UTF-8"?>
<!-- Generated by org.testng.reporters.JUnitXMLReporter -->
<testsuite hostname="dell" ignored="0" name="Regression" tests="1" failures="1" timestamp="22 Apr 2019 17:50:58 GMT" time="27.251" errors="0">
  <testcase name="loginToApllication" time="0.247" classname="com.craftsvilla.testscripts.LoginToScripts">
    <failure type="java.lang.NoClassDefFoundError" message="org/apache/commons/collections4/ListValuedMap">
      <![CDATA[java.lang.NoClassDefFoundError: org/apache/commons/collections4/ListValuedMap
at com.craftsvilla.generic.ReadExcel.getData(ReadExcel.java:28)
at com.craftsvilla.testscripts.LoginToScripts.loginToApllication(LoginToScripts.java:24)
Caused by: java.lang.ClassNotFoundException: org.apache.commons.collections4.ListValuedMap
at java.net.URLClassLoader.findClass(Unknown Source)
at java.lang.ClassLoader.loadClass(Unknown Source)
at sun.misc.Launcher$AppClassLoader.loadClass(Unknown Source)
at java.lang.ClassLoader.loadClass(Unknown Source)
... 27 more
... Removed 25 stack frames]]>
    </failure>
  </testcase> <!-- loginToApllication -->
</testsuite> <!-- Regression -->
