<?xml version="1.0" encoding="UTF-8"?>
<testng-results skipped="0" failed="0" ignored="0" total="1" passed="1">
  <reporter-output>
    <line>
      <![CDATA[Test case fail]]>
    </line>
  </reporter-output>
  <suite name="Craftsvilla" duration-ms="42013" started-at="2019-04-25T17:28:18Z" finished-at="2019-04-25T17:29:00Z">
    <groups>
    </groups>
    <test name="Regression" duration-ms="42013" started-at="2019-04-25T17:28:18Z" finished-at="2019-04-25T17:29:00Z">
      <class name="com.craftsvilla.testscripts.EmbroidedSaressScripts">
        <test-method status="PASS" signature="launchApplication(java.lang.String)[pri:0, instance:com.craftsvilla.testscripts.EmbroidedSaressScripts@46d56d67]" name="launchApplication" is-config="true" duration-ms="20040" started-at="2019-04-25T17:28:18Z" finished-at="2019-04-25T17:28:38Z">
          <params>
            <param index="0">
              <value>
                <![CDATA[chrome]]>
              </value>
            </param>
          </params>
          <reporter-output>
          </reporter-output>
        </test-method> <!-- launchApplication -->
        <test-method status="PASS" signature="buyEmbroidedSaree()[pri:0, instance:com.craftsvilla.testscripts.EmbroidedSaressScripts@46d56d67]" name="buyEmbroidedSaree" duration-ms="20599" started-at="2019-04-25T17:28:38Z" finished-at="2019-04-25T17:28:58Z">
          <reporter-output>
            <line>
              <![CDATA[Test case fail]]>
            </line>
          </reporter-output>
        </test-method> <!-- buyEmbroidedSaree -->
        <test-method status="PASS" signature="closeApplication()[pri:0, instance:com.craftsvilla.testscripts.EmbroidedSaressScripts@46d56d67]" name="closeApplication" is-config="true" duration-ms="1324" started-at="2019-04-25T17:28:58Z" finished-at="2019-04-25T17:29:00Z">
          <reporter-output>
          </reporter-output>
        </test-method> <!-- closeApplication -->
      </class> <!-- com.craftsvilla.testscripts.EmbroidedSaressScripts -->
    </test> <!-- Regression -->
  </suite> <!-- Craftsvilla -->
</testng-results>
